<?xml version="1.0" encoding="UTF-8"?>
<coverage generated="1527780604352" clover="3.2.0">
  <project timestamp="1527780604352" name="All files">
    <metrics statements="12" coveredstatements="12" conditionals="2" coveredconditionals="1" methods="1" coveredmethods="1" elements="15" coveredelements="14" complexity="0" loc="12" ncloc="12" packages="2" files="2" classes="2">
      <package name="src">
        <metrics statements="0" coveredstatements="0" conditionals="0" coveredconditionals="0" methods="0" coveredmethods="0"/>
        <file name="index.js" path="/home/vox/Dropbox/dev/react-css-burger/src/index.js">
          <metrics statements="0" coveredstatements="0" conditionals="0" coveredconditionals="0" methods="0" coveredmethods="0"/>
        </file>
      </package>
      <package name="src.components.Burger">
        <metrics statements="12" coveredstatements="12" conditionals="2" coveredconditionals="1" methods="1" coveredmethods="1"/>
        <file name="index.js" path="/home/vox/Dropbox/dev/react-css-burger/src/components/Burger/index.js">
          <metrics statements="12" coveredstatements="12" conditionals="2" coveredconditionals="1" methods="1" coveredmethods="1"/>
          <line num="6" count="2" type="stmt"/>
          <line num="7" count="2" type="stmt"/>
          <line num="18" count="2" type="stmt"/>
          <line num="20" count="2" type="stmt"/>
          <line num="21" count="2" type="stmt"/>
          <line num="22" count="2" type="stmt"/>
          <line num="23" count="2" type="stmt"/>
          <line num="24" count="2" type="stmt"/>
          <line num="26" count="2" type="stmt"/>
          <line num="33" count="2" type="stmt"/>
          <line num="47" count="2" type="stmt"/>
          <line num="59" count="2" type="stmt"/>
        </file>
      </package>
    </metrics>
  </project>
</coverage>
