{"/home/vox/Dropbox/dev/react-css-burger/src/index.js": {"path":"/home/vox/Dropbox/dev/react-css-burger/src/index.js","statementMap":{},"fnMap":{},"branchMap":{},"s":{},"f":{},"b":{},"_coverageSchema":"332fd63041d2c1bcb487cc26dd0d5f7d97098a6c","hash":"1545230d72337a9e4237c030b65802656c35aa41"}
,"/home/vox/Dropbox/dev/react-css-burger/src/components/Burger/index.js": {"path":"/home/vox/Dropbox/dev/react-css-burger/src/components/Burger/index.js","statementMap":{"0":{"start":{"line":6,"column":15},"end":{"line":45,"column":1}},"1":{"start":{"line":7,"column":15},"end":{"line":7,"column":39}},"2":{"start":{"line":18,"column":6},"end":{"line":18,"column":11}},"3":{"start":{"line":20,"column":2},"end":{"line":20,"column":43}},"4":{"start":{"line":21,"column":2},"end":{"line":21,"column":58}},"5":{"start":{"line":22,"column":2},"end":{"line":22,"column":43}},"6":{"start":{"line":23,"column":2},"end":{"line":23,"column":52}},"7":{"start":{"line":24,"column":2},"end":{"line":24,"column":54}},"8":{"start":{"line":26,"column":18},"end":{"line":31,"column":3}},"9":{"start":{"line":33,"column":2},"end":{"line":44,"column":4}},"10":{"start":{"line":47,"column":0},"end":{"line":57,"column":2}},"11":{"start":{"line":59,"column":0},"end":{"line":66,"column":2}}},"fnMap":{"0":{"name":"(anonymous_0)","decl":{"start":{"line":6,"column":15},"end":{"line":6,"column":16}},"loc":{"start":{"line":6,"column":24},"end":{"line":45,"column":1}},"line":6}},"branchMap":{"0":{"loc":{"start":{"line":30,"column":12},"end":{"line":30,"column":47}},"type":"cond-expr","locations":[{"start":{"line":30,"column":21},"end":{"line":30,"column":42}},{"start":{"line":30,"column":45},"end":{"line":30,"column":47}}],"line":30}},"s":{"0":2,"1":2,"2":2,"3":2,"4":2,"5":2,"6":2,"7":2,"8":2,"9":2,"10":2,"11":2},"f":{"0":2},"b":{"0":[0,2]},"_coverageSchema":"332fd63041d2c1bcb487cc26dd0d5f7d97098a6c","hash":"5fb70304be66f69e3c65156eb10a3c7d485de287"}
}
